<?xml version="1.0" encoding="UTF-8"?>
<!-- Generated by org.testng.reporters.JUnitReportReporter -->
<testsuite hostname="SHA123485N01" name="appium.TestAppium" tests="1" failures="0" timestamp="25 Aug 2014 04:32:18 GMT" time="48.229" errors="0">
  <testcase name="testCalculator" time="48.229" classname="appium.TestAppium"/>
</testsuite> <!-- appium.TestAppium -->
