<?xml version="1.0" encoding="UTF-8"?>
<!-- Generated by org.testng.reporters.JUnitReportReporter -->
<testsuite hostname="SHA123485N01" name="appium.TestContactManager" tests="1" failures="0" timestamp="20 Aug 2014 06:26:30 GMT" time="53.734" errors="0">
  <testcase name="addContact" time="53.734" classname="appium.TestContactManager"/>
</testsuite> <!-- appium.TestContactManager -->
